[DEBUG]:

[DEBUG]:***************************** expanding: $WIN ******************************** -- 128 bc_step
[DEBUG]: valid rule: producing target $WIN :- (ImplicationLink A D), -- 289 find_rule_applications
[DEBUG]:      ^^adding goal: (ImplicationLink A D)  -- 246 add_queries
[DEBUG]:    adding app: producing target $WIN :- (ImplicationLink A D), -- 134 bc_step
[DEBUG]:       with goal: (ImplicationLink A D) -- 329 find_axioms_for_rule_app
[DEBUG]:

[DEBUG]:***************************** expanding: (ImplicationLink A D) ******************************** -- 128 bc_step
[DEBUG]: valid rule: Deduction (ImplicationLink $1 $3) :- (ImplicationLink $1 $2),(ImplicationLink $2 $3),$1,$2,$3, -- 289 find_rule_applications
[DEBUG]:      ^^adding goal: (ImplicationLink A $1000007)  -- 246 add_queries
[DEBUG]:      ^^adding goal: (ImplicationLink $1000007 D)  -- 246 add_queries
[DEBUG]:      ^^adding goal: A  -- 246 add_queries
[DEBUG]:      ^^adding goal: D  -- 246 add_queries
[DEBUG]:    adding app: Deduction (ImplicationLink A D) :- (ImplicationLink A $1000007),(ImplicationLink $1000007 D),A,$1000007,D, -- 134 bc_step
[DEBUG]:       with goal: (ImplicationLink A $1000007) -- 329 find_axioms_for_rule_app
[DEBUG]:          [axiom]: [axiom] (ImplicationLink A B) :-  -- 311 found_axiom
[DEBUG]:                ^^adding goal: (ImplicationLink A B)  -- 246 add_queries
[DEBUG]:                ^^adding goal: (ImplicationLink B D)  -- 246 add_queries
[DEBUG]:                ^^adding goal: B  -- 246 add_queries
[DEBUG]:             ##premise: Deduction (ImplicationLink A D) :- (ImplicationLink A B),(ImplicationLink B D),A,B,D, -- 418 propagate_specialization
[DEBUG]:                   ##failed this time -- 387 propagate_result
[DEBUG]:       with goal: (ImplicationLink $1000007 D) -- 329 find_axioms_for_rule_app
[DEBUG]:          [axiom]: [axiom] (ImplicationLink C D) :-  -- 311 found_axiom
[DEBUG]:                ^^adding goal: (ImplicationLink A C)  -- 246 add_queries
[DEBUG]:                ^^adding goal: (ImplicationLink C D)  -- 246 add_queries
[DEBUG]:                ^^adding goal: C  -- 246 add_queries
[DEBUG]:             ##premise: Deduction (ImplicationLink A D) :- (ImplicationLink A C),(ImplicationLink C D),A,C,D, -- 418 propagate_specialization
[DEBUG]:                   ##failed this time -- 387 propagate_result
[DEBUG]:       with goal: A -- 329 find_axioms_for_rule_app
[DEBUG]:          [axiom]: [axiom] A :-  -- 311 found_axiom
[DEBUG]:                ##failed this time -- 387 propagate_result
[DEBUG]:       with goal: D -- 329 find_axioms_for_rule_app
[DEBUG]:          [axiom]: [axiom] D :-  -- 311 found_axiom
[DEBUG]:                ##failed this time -- 387 propagate_result
[DEBUG]:

[DEBUG]:***************************** expanding: C ******************************** -- 128 bc_step
[DEBUG]:

[DEBUG]:***************************** expanding: (ImplicationLink C D) ******************************** -- 128 bc_step
[DEBUG]: valid rule: Deduction (ImplicationLink $1 $3) :- (ImplicationLink $1 $2),(ImplicationLink $2 $3),$1,$2,$3, -- 289 find_rule_applications
[DEBUG]:      ^^adding goal: (ImplicationLink C $1000008)  -- 246 add_queries
[DEBUG]:    adding app: Deduction (ImplicationLink C D) :- (ImplicationLink C $1000008),(ImplicationLink $1000008 D),C,$1000008,D, -- 134 bc_step
[DEBUG]:       with goal: (ImplicationLink C $1000008) -- 329 find_axioms_for_rule_app
[DEBUG]:          [axiom]: [axiom] (ImplicationLink C D) :-  -- 311 found_axiom
[DEBUG]:       with goal: (ImplicationLink $1000008 D) -- 329 find_axioms_for_rule_app
[DEBUG]:          [axiom]: [axiom] (ImplicationLink C D) :-  -- 311 found_axiom
[DEBUG]:       with goal: C -- 329 find_axioms_for_rule_app
[DEBUG]:          [axiom]: [axiom] C :-  -- 311 found_axiom
[DEBUG]:                ##failed this time -- 387 propagate_result
[DEBUG]:       with goal: D -- 329 find_axioms_for_rule_app
[DEBUG]:          [axiom]: [axiom] D :-  -- 311 found_axiom
[DEBUG]:                ##failed this time -- 387 propagate_result
[DEBUG]:

[DEBUG]:***************************** expanding: (ImplicationLink C $1000009) ******************************** -- 128 bc_step
[DEBUG]: valid rule: Deduction (ImplicationLink $1 $3) :- (ImplicationLink $1 $2),(ImplicationLink $2 $3),$1,$2,$3, -- 289 find_rule_applications
[DEBUG]:

[DEBUG]:***************************** expanding: (ImplicationLink A C) ******************************** -- 128 bc_step
[DEBUG]: valid rule: Deduction (ImplicationLink $1 $3) :- (ImplicationLink $1 $2),(ImplicationLink $2 $3),$1,$2,$3, -- 289 find_rule_applications
[DEBUG]:      ^^adding goal: (ImplicationLink $1000012 C)  -- 246 add_queries
[DEBUG]:    adding app: Deduction (ImplicationLink A C) :- (ImplicationLink A $1000012),(ImplicationLink $1000012 C),A,$1000012,C, -- 134 bc_step
[DEBUG]:       with goal: (ImplicationLink A $1000012) -- 329 find_axioms_for_rule_app
[DEBUG]:          [axiom]: [axiom] (ImplicationLink A B) :-  -- 311 found_axiom
[DEBUG]:                ^^adding goal: (ImplicationLink B C)  -- 246 add_queries
[DEBUG]:             ##premise: Deduction (ImplicationLink A C) :- (ImplicationLink A B),(ImplicationLink B C),A,B,C, -- 418 propagate_specialization
[DEBUG]:                ##sucess! Deduction (ImplicationLink A C) :- (ImplicationLink A B),(ImplicationLink B C),A,B,C, -- 362 propagate_result
[DEBUG]:                   ##sucess! Deduction (ImplicationLink A D) :- (ImplicationLink A C),(ImplicationLink C D),A,C,D, -- 362 propagate_result
[DEBUG]:                      ##sucess! producing target $WIN :- (ImplicationLink A D), -- 362 propagate_result
[DEBUG]:       with goal: (ImplicationLink $1000012 C) -- 329 find_axioms_for_rule_app
[DEBUG]:          [axiom]: [axiom] (ImplicationLink B C) :-  -- 311 found_axiom
[DEBUG]:       with goal: A -- 329 find_axioms_for_rule_app
[DEBUG]:          [axiom]: [axiom] A :-  -- 311 found_axiom
[DEBUG]:                ##failed this time -- 387 propagate_result
[DEBUG]:       with goal: C -- 329 find_axioms_for_rule_app
[DEBUG]:          [axiom]: [axiom] C :-  -- 311 found_axiom
[DEBUG]:                ##failed this time -- 387 propagate_result
[DEBUG]: bc_step:6
[DEBUG]:------------------bc_before :-------------------------
[DEBUG]: $WIN
[DEBUG]: (ImplicationLink A D)
[DEBUG]: C
[DEBUG]: (ImplicationLink C D)
[DEBUG]: (ImplicationLink C $1)
[DEBUG]: (ImplicationLink A C)
[DEBUG]:------------------results :-------------------------
[DEBUG]: (ImplicationLink A D)
