node[AvatarNode:id_6194]
node[PetNode:id_OAC_robotic]
node[ObjectNode:id_5904]
node[ObjectNode:id_6820]
node[PredicateNode: invalid relation ]
node[PredicateNode:state_change:stateName]
[InheritanceLink <id_5904,object> 0.0 0.0]
[InheritanceLink <id_5904,Object> 1 1.56055e-06]
[EvaluationLink < invalid relation ,[ListLink <id_OAC_robotic,id_6820> 0.0 0.0]> 0.0 0.00124844]
[EvaluationLink <state_change:stateName,[ListLink <state_change5,is_moving> 0.0 0.0],[ListLink <disappear7,actionDone> 0.0 0.0]> 0.0 0.0]
[ListLink <disappear7,actionDone> 0.0 0.0]
[ListLink <id_OAC_robotic,id_6820> 0.0 0.0]
[ListLink <state_change5,is_moving> 0.0 0.0]
node[NumberNode:72]
node[NumberNode:79]
node[NumberNode:1]
node[ConceptNode:is_moving]
node[ConceptNode:Object]
node[ConceptNode:state_change5]
node[ConceptNode:actionDone]
node[ConceptNode:disappear7]
node[Node:object]
